fanfanlicai/build/outputs/logs/manifest-merger-release-report.txt
-- Merging decision tree log ---
manifest
ADDED from src\main\AndroidManifest.xml:2:1-533:12
	package
		ADDED from src\main\AndroidManifest.xml:3:5-42
		INJECTED from src\main\AndroidManifest.xml
		INJECTED from src\main\AndroidManifest.xml
	android:versionName
		ADDED from src\main\AndroidManifest.xml:5:5-32
		INJECTED from src\main\AndroidManifest.xml
		INJECTED from src\main\AndroidManifest.xml
	android:versionCode
		ADDED from src\main\AndroidManifest.xml:4:5-29
		INJECTED from src\main\AndroidManifest.xml
		INJECTED from src\main\AndroidManifest.xml
	xmlns:android
		ADDED from src\main\AndroidManifest.xml:2:11-69
uses-sdk
ADDED from src\main\AndroidManifest.xml:7:5-9:41
MERGED from [new_branch_cg_share:libraryIndicator:unspecified] AndroidManifest.xml:7:5-9:40
MERGED from [com.android.support:support-v4:23.4.0] AndroidManifest.xml:20:5-43
MERGED from [new_branch_cg_share:pullToRefresh:unspecified] AndroidManifest.xml:7:5-9:40
MERGED from [cn.jiguang.sdk:jpush:3.0.0] AndroidManifest.xml:7:5-9:41
MERGED from [cn.jiguang.sdk:jcore:1.0.0] AndroidManifest.xml:7:5-9:41
MERGED from [com.qiyukf.unicorn:unicorn:2.9.0] AndroidManifest.xml:7:5-9:41
MERGED from [com.google.android.gms:play-services-appindexing:8.4.0] AndroidManifest.xml:18:5-42
MERGED from [com.google.android.gms:play-services-base:8.4.0] AndroidManifest.xml:18:5-42
MERGED from [com.google.android.gms:play-services-basement:8.4.0] AndroidManifest.xml:18:5-42
MERGED from [com.android.support:design:23.2.1] AndroidManifest.xml:20:5-43
MERGED from [com.android.support:appcompat-v7:23.4.0] AndroidManifest.xml:21:5-23:78
MERGED from [com.android.support:animated-vector-drawable:23.4.0] AndroidManifest.xml:5:5-44
MERGED from [com.android.support:support-vector-drawable:23.4.0] AndroidManifest.xml:5:5-43
MERGED from [com.android.support:recyclerview-v7:23.4.0] AndroidManifest.xml:20:5-43
MERGED from [com.github.baserecycleradapter:library:1.1.0] AndroidManifest.xml:7:5-9:41
MERGED from [com.scwang.smartrefresh:SmartRefreshLayout:1.0.4-6] AndroidManifest.xml:7:5-9:41
	tools:overrideLibrary
		ADDED from [com.android.support:appcompat-v7:23.4.0] AndroidManifest.xml:23:9-75
	android:targetSdkVersion
		ADDED from src\main\AndroidManifest.xml:9:9-38
		INJECTED from src\main\AndroidManifest.xml
		INJECTED from src\main\AndroidManifest.xml
	android:minSdkVersion
		ADDED from src\main\AndroidManifest.xml:8:9-35
		INJECTED from src\main\AndroidManifest.xml
		INJECTED from src\main\AndroidManifest.xml
uses-permission#android.permission.INTERNET
ADDED from src\main\AndroidManifest.xml:11:5-67
MERGED from [cn.jiguang.sdk:jpush:3.0.0] AndroidManifest.xml:18:5-67
MERGED from [com.qiyukf.unicorn:unicorn:2.9.0] AndroidManifest.xml:13:5-67
	android:name
		ADDED from src\main\AndroidManifest.xml:11:22-64
uses-permission#android.permission.CALL_PHONE
ADDED from src\main\AndroidManifest.xml:13:5-69
	android:name
		ADDED from src\main\AndroidManifest.xml:13:22-66
uses-permission#android.permission.RECEIVE_SMS
ADDED from src\main\AndroidManifest.xml:15:5-70
	android:name
		ADDED from src\main\AndroidManifest.xml:15:22-67
uses-permission#android.permission.CAMERA
ADDED from src\main\AndroidManifest.xml:18:5-65
MERGED from [com.qiyukf.unicorn:unicorn:2.9.0] AndroidManifest.xml:28:5-65
	android:name
		ADDED from src\main\AndroidManifest.xml:18:22-62
uses-permission#android.permission.WRITE_EXTERNAL_STORAGE
ADDED from src\main\AndroidManifest.xml:19:5-81
MERGED from [cn.jiguang.sdk:jpush:3.0.0] AndroidManifest.xml:21:5-81
MERGED from [com.qiyukf.unicorn:unicorn:2.9.0] AndroidManifest.xml:25:5-81
	android:name
		ADDED from src\main\AndroidManifest.xml:19:22-78
uses-feature#android.hardware.camera
ADDED from src\main\AndroidManifest.xml:21:5-60
MERGED from [com.qiyukf.unicorn:unicorn:2.9.0] AndroidManifest.xml:35:5-37:36
	android:name
		ADDED from src\main\AndroidManifest.xml:21:19-57
uses-feature#android.hardware.camera.autofocus
ADDED from src\main\AndroidManifest.xml:22:5-70
	android:name
		ADDED from src\main\AndroidManifest.xml:22:19-67
uses-permission#android.permission.VIBRATE
ADDED from src\main\AndroidManifest.xml:24:5-66
MERGED from [cn.jiguang.sdk:jpush:3.0.0] AndroidManifest.xml:24:5-66
MERGED from [com.qiyukf.unicorn:unicorn:2.9.0] AndroidManifest.xml:18:5-66
	android:name
		ADDED from src\main\AndroidManifest.xml:24:22-63
uses-permission#android.permission.FLASHLIGHT
ADDED from src\main\AndroidManifest.xml:25:5-69
	android:name
		ADDED from src\main\AndroidManifest.xml:25:22-66
uses-permission#android.permission.READ_PHONE_STATE
ADDED from src\main\AndroidManifest.xml:28:5-75
MERGED from [cn.jiguang.sdk:jpush:3.0.0] AndroidManifest.xml:20:5-75
MERGED from [com.qiyukf.unicorn:unicorn:2.9.0] AndroidManifest.xml:30:5-75
	android:name
		ADDED from src\main\AndroidManifest.xml:28:22-72
uses-permission#android.permission.ACCESS_NETWORK_STATE
ADDED from src\main\AndroidManifest.xml:31:5-79
MERGED from [cn.jiguang.sdk:jpush:3.0.0] AndroidManifest.xml:26:5-79
MERGED from [com.qiyukf.unicorn:unicorn:2.9.0] AndroidManifest.xml:14:5-79
	android:name
		ADDED from src\main\AndroidManifest.xml:31:22-76
uses-permission#android.permission.ACCESS_WIFI_STATE
ADDED from src\main\AndroidManifest.xml:32:5-76
MERGED from [cn.jiguang.sdk:jpush:3.0.0] AndroidManifest.xml:27:5-76
MERGED from [com.qiyukf.unicorn:unicorn:2.9.0] AndroidManifest.xml:15:5-76
	android:name
		ADDED from src\main\AndroidManifest.xml:32:22-73
uses-permission#android.permission.GET_TASKS
ADDED from src\main\AndroidManifest.xml:35:5-68
	android:name
		ADDED from src\main\AndroidManifest.xml:35:22-65
uses-permission#android.permission.CHANGE_WIFI_STATE
ADDED from src\main\AndroidManifest.xml:36:5-76
MERGED from [cn.jiguang.sdk:jpush:3.0.0] AndroidManifest.xml:32:5-76
	android:name
		ADDED from src\main\AndroidManifest.xml:36:22-73
uses-permission#android.permission.MANAGE_ACCOUNTS
ADDED from src\main\AndroidManifest.xml:37:5-74
	android:name
		ADDED from src\main\AndroidManifest.xml:37:22-71
uses-permission#android.permission.GET_ACCOUNTS
ADDED from src\main\AndroidManifest.xml:38:5-71
	android:name
		ADDED from src\main\AndroidManifest.xml:38:22-68
uses-permission#android.permission.KILL_BACKGROUND_PROCESSES
ADDED from src\main\AndroidManifest.xml:39:5-84
	android:name
		ADDED from src\main\AndroidManifest.xml:39:22-81
uses-permission#android.permission.READ_EXTERNAL_STORAGE
ADDED from src\main\AndroidManifest.xml:40:5-80
MERGED from [cn.jiguang.sdk:jpush:3.0.0] AndroidManifest.xml:22:5-80
MERGED from [com.qiyukf.unicorn:unicorn:2.9.0] AndroidManifest.xml:24:5-80
	android:name
		ADDED from src\main\AndroidManifest.xml:40:22-77
uses-permission#android.permission.READ_LOGS
ADDED from src\main\AndroidManifest.xml:50:5-68
	android:name
		ADDED from src\main\AndroidManifest.xml:50:22-65
application
ADDED from src\main\AndroidManifest.xml:52:5-531:19
MERGED from [com.android.support:support-v4:23.4.0] AndroidManifest.xml:22:5-20
MERGED from [new_branch_cg_share:pullToRefresh:unspecified] AndroidManifest.xml:11:5-20
MERGED from [cn.jiguang.sdk:jpush:3.0.0] AndroidManifest.xml:37:5-128:19
MERGED from [cn.jiguang.sdk:jcore:1.0.0] AndroidManifest.xml:11:5-12:19
MERGED from [com.qiyukf.unicorn:unicorn:2.9.0] AndroidManifest.xml:39:5-98:19
MERGED from [com.google.android.gms:play-services-appindexing:8.4.0] AndroidManifest.xml:19:5-20
MERGED from [com.google.android.gms:play-services-basement:8.4.0] AndroidManifest.xml:20:5-24:19
MERGED from [com.android.support:design:23.2.1] AndroidManifest.xml:22:5-20
MERGED from [com.android.support:appcompat-v7:23.4.0] AndroidManifest.xml:25:5-20
MERGED from [com.android.support:animated-vector-drawable:23.4.0] AndroidManifest.xml:7:5-20
MERGED from [com.android.support:support-vector-drawable:23.4.0] AndroidManifest.xml:7:5-20
MERGED from [com.github.baserecycleradapter:library:1.1.0] AndroidManifest.xml:11:5-15:19
MERGED from [com.scwang.smartrefresh:SmartRefreshLayout:1.0.4-6] AndroidManifest.xml:11:5-15:19
	android:label
		ADDED from src\main\AndroidManifest.xml:56:9-41
	android:supportsRtl
		ADDED from [com.github.baserecycleradapter:library:1.1.0] AndroidManifest.xml:14:9-35
	android:allowBackup
		ADDED from src\main\AndroidManifest.xml:54:9-35
	android:icon
		ADDED from src\main\AndroidManifest.xml:55:9-45
	android:theme
		ADDED from src\main\AndroidManifest.xml:57:9-40
	android:name
		ADDED from src\main\AndroidManifest.xml:53:9-64
meta-data#UMENG_APPKEY
ADDED from src\main\AndroidManifest.xml:60:9-62:56
	android:value
		ADDED from src\main\AndroidManifest.xml:62:13-53
	android:name
		ADDED from src\main\AndroidManifest.xml:61:13-40
meta-data#UMENG_yingyongbao
ADDED from src\main\AndroidManifest.xml:63:9-65:47
	android:value
		ADDED from src\main\AndroidManifest.xml:65:13-44
	android:name
		ADDED from src\main\AndroidManifest.xml:64:13-45
meta-data#UMENG_app-xiaomi
ADDED from src\main\AndroidManifest.xml:66:9-68:42
	android:value
		ADDED from src\main\AndroidManifest.xml:68:13-39
	android:name
		ADDED from src\main\AndroidManifest.xml:67:13-44
meta-data#UMENG_360
ADDED from src\main\AndroidManifest.xml:69:9-71:39
	android:value
		ADDED from src\main\AndroidManifest.xml:71:13-36
	android:name
		ADDED from src\main\AndroidManifest.xml:70:13-37
meta-data#UMENG_baidushouji
ADDED from src\main\AndroidManifest.xml:72:9-74:47
	android:value
		ADDED from src\main\AndroidManifest.xml:74:13-44
	android:name
		ADDED from src\main\AndroidManifest.xml:73:13-45
meta-data#UMENG_wandoujia
ADDED from src\main\AndroidManifest.xml:75:9-77:45
	android:value
		ADDED from src\main\AndroidManifest.xml:77:13-42
	android:name
		ADDED from src\main\AndroidManifest.xml:76:13-43
meta-data#UMENG_huawei
ADDED from src\main\AndroidManifest.xml:78:9-80:42
	android:value
		ADDED from src\main\AndroidManifest.xml:80:13-39
	android:name
		ADDED from src\main\AndroidManifest.xml:79:13-40
meta-data#UMENG_anzhi
ADDED from src\main\AndroidManifest.xml:81:9-83:41
	android:value
		ADDED from src\main\AndroidManifest.xml:83:13-38
	android:name
		ADDED from src\main\AndroidManifest.xml:82:13-39
meta-data#BaiduMobAd_CHANNEL
ADDED from src\main\AndroidManifest.xml:86:9-88:44
	android:value
		ADDED from src\main\AndroidManifest.xml:88:13-41
	android:name
		ADDED from src\main\AndroidManifest.xml:87:13-46
meta-data#BaiduMobAd_STAT_ID
ADDED from src\main\AndroidManifest.xml:90:9-92:42
	android:value
		ADDED from src\main\AndroidManifest.xml:92:13-39
	android:name
		ADDED from src\main\AndroidManifest.xml:91:13-46
meta-data#BaiduMobAd_EXCEPTION_LOG
ADDED from src\main\AndroidManifest.xml:95:9-97:36
	android:value
		ADDED from src\main\AndroidManifest.xml:97:13-33
	android:name
		ADDED from src\main\AndroidManifest.xml:96:13-52
meta-data#BaiduMobAd_SEND_STRATEGY
ADDED from src\main\AndroidManifest.xml:99:9-101:41
	android:value
		ADDED from src\main\AndroidManifest.xml:101:13-38
	android:name
		ADDED from src\main\AndroidManifest.xml:100:13-52
meta-data#BaiduMobAd_ONLY_WIFI
ADDED from src\main\AndroidManifest.xml:105:9-107:37
	android:value
		ADDED from src\main\AndroidManifest.xml:107:13-34
	android:name
		ADDED from src\main\AndroidManifest.xml:106:13-48
activity#com.fanfanlicai.activity.EnterActivity
ADDED from src\main\AndroidManifest.xml:109:9-118:20
	android:screenOrientation
		ADDED from src\main\AndroidManifest.xml:112:13-49
	android:label
		ADDED from src\main\AndroidManifest.xml:111:13-45
	android:name
		ADDED from src\main\AndroidManifest.xml:110:13-66
intent-filter#android.intent.action.MAIN+android.intent.category.LAUNCHER
ADDED from src\main\AndroidManifest.xml:113:13-117:29
action#android.intent.action.MAIN
ADDED from src\main\AndroidManifest.xml:114:17-69
	android:name
		ADDED from src\main\AndroidManifest.xml:114:25-66
category#android.intent.category.LAUNCHER
ADDED from src\main\AndroidManifest.xml:116:17-77
	android:name
		ADDED from src\main\AndroidManifest.xml:116:27-74
activity#com.fanfanlicai.activity.GuideActivity
ADDED from src\main\AndroidManifest.xml:119:9-121:52
	android:screenOrientation
		ADDED from src\main\AndroidManifest.xml:121:13-49
	android:name
		ADDED from src\main\AndroidManifest.xml:120:13-66
activity#com.fanfanlicai.activity.MainActivity
ADDED from src\main\AndroidManifest.xml:122:9-125:66
	android:screenOrientation
		ADDED from src\main\AndroidManifest.xml:124:13-49
	android:theme
		ADDED from src\main\AndroidManifest.xml:125:13-63
	android:name
		ADDED from src\main\AndroidManifest.xml:123:13-65
receiver#com.fanfanlicai.service.RefreshTokenReceiver
ADDED from src\main\AndroidManifest.xml:128:9-135:20
	android:enabled
		ADDED from src\main\AndroidManifest.xml:130:13-35
	android:exported
		ADDED from src\main\AndroidManifest.xml:131:13-37
	android:name
		ADDED from src\main\AndroidManifest.xml:129:13-72
intent-filter#com.fanfanlicai.service.RefreshService
ADDED from src\main\AndroidManifest.xml:132:13-134:29
action#com.fanfanlicai.service.RefreshService
ADDED from src\main\AndroidManifest.xml:133:17-81
	android:name
		ADDED from src\main\AndroidManifest.xml:133:25-78
receiver#com.fanfanlicai.service.JpushReceiver
ADDED from src\main\AndroidManifest.xml:136:9-154:20
	android:enabled
		ADDED from src\main\AndroidManifest.xml:138:13-35
	android:name
		ADDED from src\main\AndroidManifest.xml:137:13-65
intent-filter#cn.jpush.android.intent.CONNECTION+cn.jpush.android.intent.MESSAGE_RECEIVED+cn.jpush.android.intent.NOTIFICATION_OPENED+cn.jpush.android.intent.NOTIFICATION_RECEIVED+cn.jpush.android.intent.REGISTRATION+com.fanfanlicai.fanfanlicai
ADDED from src\main\AndroidManifest.xml:139:13-153:29
action#cn.jpush.android.intent.REGISTRATION
ADDED from src\main\AndroidManifest.xml:142:17-79
	android:name
		ADDED from src\main\AndroidManifest.xml:142:25-76
action#cn.jpush.android.intent.MESSAGE_RECEIVED
ADDED from src\main\AndroidManifest.xml:144:17-83
	android:name
		ADDED from src\main\AndroidManifest.xml:144:25-80
action#cn.jpush.android.intent.NOTIFICATION_RECEIVED
ADDED from src\main\AndroidManifest.xml:146:17-88
	android:name
		ADDED from src\main\AndroidManifest.xml:146:25-85
action#cn.jpush.android.intent.NOTIFICATION_OPENED
ADDED from src\main\AndroidManifest.xml:148:17-86
	android:name
		ADDED from src\main\AndroidManifest.xml:148:25-83
action#cn.jpush.android.intent.CONNECTION
ADDED from src\main\AndroidManifest.xml:150:17-77
	android:name
		ADDED from src\main\AndroidManifest.xml:150:25-74
category#com.fanfanlicai.fanfanlicai
ADDED from src\main\AndroidManifest.xml:152:17-72
	android:name
		ADDED from src\main\AndroidManifest.xml:152:27-69
activity#com.fanfanlicai.activity.invest.FanHeBuyActivity
ADDED from src\main\AndroidManifest.xml:156:9-159:52
	android:screenOrientation
		ADDED from src\main\AndroidManifest.xml:159:13-49
	android:launchMode
		ADDED from src\main\AndroidManifest.xml:158:13-44
	android:name
		ADDED from src\main\AndroidManifest.xml:157:13-76
activity#com.fanfanlicai.activity.invest.FanHeBuyYxgActivity
ADDED from src\main\AndroidManifest.xml:160:9-163:52
	android:screenOrientation
		ADDED from src\main\AndroidManifest.xml:163:13-49
	android:launchMode
		ADDED from src\main\AndroidManifest.xml:162:13-44
	android:name
		ADDED from src\main\AndroidManifest.xml:161:13-79
activity#com.fanfanlicai.activity.my.InvestActivity
ADDED from src\main\AndroidManifest.xml:164:9-166:52
	android:screenOrientation
		ADDED from src\main\AndroidManifest.xml:166:13-49
	android:name
		ADDED from src\main\AndroidManifest.xml:165:13-70
activity#com.fanfanlicai.activity.my.CashActivity
ADDED from src\main\AndroidManifest.xml:167:9-169:52
	android:screenOrientation
		ADDED from src\main\AndroidManifest.xml:169:13-49
	android:name
		ADDED from src\main\AndroidManifest.xml:168:13-68
activity#com.fanfanlicai.activity.my.ChongZhiActivity
ADDED from src\main\AndroidManifest.xml:170:9-172:52
	android:screenOrientation
		ADDED from src\main\AndroidManifest.xml:172:13-49
	android:name
		ADDED from src\main\AndroidManifest.xml:171:13-72
activity#com.fanfanlicai.activity.my.ChongZhiSuccessActivity
ADDED from src\main\AndroidManifest.xml:173:9-175:52
	android:screenOrientation
		ADDED from src\main\AndroidManifest.xml:175:13-49
	android:name
		ADDED from src\main\AndroidManifest.xml:174:13-79
activity#com.fanfanlicai.activity.invest.XiangMuActivity
ADDED from src\main\AndroidManifest.xml:176:9-178:52
	android:screenOrientation
		ADDED from src\main\AndroidManifest.xml:178:13-49
	android:name
		ADDED from src\main\AndroidManifest.xml:177:13-75
activity#com.fanfanlicai.activity.home.ZongZiChanActivity
ADDED from src\main\AndroidManifest.xml:179:9-181:52
	android:screenOrientation
		ADDED from src\main\AndroidManifest.xml:181:13-49
	android:name
		ADDED from src\main\AndroidManifest.xml:180:13-76
activity#com.fanfanlicai.activity.home.FanHeLiuShuiActivity
ADDED from src\main\AndroidManifest.xml:182:9-184:52
	android:screenOrientation
		ADDED from src\main\AndroidManifest.xml:184:13-49
	android:name
		ADDED from src\main\AndroidManifest.xml:183:13-78
activity#com.fanfanlicai.activity.home.FanWanLiuShuiActivity
ADDED from src\main\AndroidManifest.xml:185:9-187:52
	android:screenOrientation
		ADDED from src\main\AndroidManifest.xml:187:13-49
	android:name
		ADDED from src\main\AndroidManifest.xml:186:13-79
activity#com.fanfanlicai.activity.home.FanTongLiuShuiActivity
ADDED from src\main\AndroidManifest.xml:188:9-190:52
	android:screenOrientation
		ADDED from src\main\AndroidManifest.xml:190:13-49
	android:name
		ADDED from src\main\AndroidManifest.xml:189:13-80
activity#com.fanfanlicai.activity.home.ZhangHuLiuShuiActivity
ADDED from src\main\AndroidManifest.xml:191:9-193:52
	android:screenOrientation
		ADDED from src\main\AndroidManifest.xml:193:13-49
	android:name
		ADDED from src\main\AndroidManifest.xml:192:13-80
activity#com.fanfanlicai.activity.home.JiangJinLiuShuiActivity
ADDED from src\main\AndroidManifest.xml:194:9-196:52
	android:screenOrientation
		ADDED from src\main\AndroidManifest.xml:196:13-49
	android:name
		ADDED from src\main\AndroidManifest.xml:195:13-81
activity#com.fanfanlicai.activity.home.InviteFriActivity
ADDED from src\main\AndroidManifest.xml:197:9-199:52
	android:screenOrientation
		ADDED from src\main\AndroidManifest.xml:199:13-49
	android:name
		ADDED from src\main\AndroidManifest.xml:198:13-75
activity#com.fanfanlicai.activity.home.PingTaiShuJuActivity
ADDED from src\main\AndroidManifest.xml:200:9-202:52
	android:screenOrientation
		ADDED from src\main\AndroidManifest.xml:202:13-49
	android:name
		ADDED from src\main\AndroidManifest.xml:201:13-78
activity#com.fanfanlicai.activity.home.LeiJiShouYiActivity
ADDED from src\main\AndroidManifest.xml:203:9-205:52
	android:screenOrientation
		ADDED from src\main\AndroidManifest.xml:205:13-49
	android:name
		ADDED from src\main\AndroidManifest.xml:204:13-77
activity#com.fanfanlicai.activity.home.ZuoRiShouYiActivity
ADDED from src\main\AndroidManifest.xml:206:9-208:52
	android:screenOrientation
		ADDED from src\main\AndroidManifest.xml:208:13-49
	android:name
		ADDED from src\main\AndroidManifest.xml:207:13-77
activity#com.fanfanlicai.activity.home.ZongShouYiActivity
ADDED from src\main\AndroidManifest.xml:209:9-211:52
	android:screenOrientation
		ADDED from src\main\AndroidManifest.xml:211:13-49
	android:name
		ADDED from src\main\AndroidManifest.xml:210:13-76
activity#com.fanfanlicai.activity.home.FanJuActivity
ADDED from src\main\AndroidManifest.xml:212:9-214:52
	android:screenOrientation
		ADDED from src\main\AndroidManifest.xml:214:13-49
	android:name
		ADDED from src\main\AndroidManifest.xml:213:13-71
activity#com.fanfanlicai.activity.invest.FanHeRateActivity
ADDED from src\main\AndroidManifest.xml:215:9-218:58
	android:screenOrientation
		ADDED from src\main\AndroidManifest.xml:217:13-49
	android:windowSoftInputMode
		ADDED from src\main\AndroidManifest.xml:218:13-55
	android:name
		ADDED from src\main\AndroidManifest.xml:216:13-77
activity#com.fanfanlicai.activity.invest.FanWanRateActivity
ADDED from src\main\AndroidManifest.xml:219:9-222:58
	android:screenOrientation
		ADDED from src\main\AndroidManifest.xml:221:13-49
	android:windowSoftInputMode
		ADDED from src\main\AndroidManifest.xml:222:13-55
	android:name
		ADDED from src\main\AndroidManifest.xml:220:13-78
activity#com.fanfanlicai.activity.invest.FanWanRateNewActivity
ADDED from src\main\AndroidManifest.xml:223:9-226:58
	android:screenOrientation
		ADDED from src\main\AndroidManifest.xml:225:13-49
	android:windowSoftInputMode
		ADDED from src\main\AndroidManifest.xml:226:13-55
	android:name
		ADDED from src\main\AndroidManifest.xml:224:13-81
activity#com.fanfanlicai.activity.invest.FanWanBuyActivity
ADDED from src\main\AndroidManifest.xml:227:9-230:52
	android:screenOrientation
		ADDED from src\main\AndroidManifest.xml:230:13-49
	android:launchMode
		ADDED from src\main\AndroidManifest.xml:229:13-44
	android:name
		ADDED from src\main\AndroidManifest.xml:228:13-77
activity#com.fanfanlicai.activity.invest.FanHeBuySuccessActivity
ADDED from src\main\AndroidManifest.xml:231:9-233:52
	android:screenOrientation
		ADDED from src\main\AndroidManifest.xml:233:13-49
	android:name
		ADDED from src\main\AndroidManifest.xml:232:13-83
activity#com.fanfanlicai.activity.invest.FanHeCashActivity
ADDED from src\main\AndroidManifest.xml:234:9-236:52
	android:screenOrientation
		ADDED from src\main\AndroidManifest.xml:236:13-49
	android:name
		ADDED from src\main\AndroidManifest.xml:235:13-77
activity#com.fanfanlicai.activity.invest.BuyShenQingActivity
ADDED from src\main\AndroidManifest.xml:237:9-239:52
	android:screenOrientation
		ADDED from src\main\AndroidManifest.xml:239:13-49
	android:name
		ADDED from src\main\AndroidManifest.xml:238:13-79
activity#com.fanfanlicai.activity.invest.FengKongActivity
ADDED from src\main\AndroidManifest.xml:240:9-242:52
	android:screenOrientation
		ADDED from src\main\AndroidManifest.xml:242:13-49
	android:name
		ADDED from src\main\AndroidManifest.xml:241:13-76
activity#com.fanfanlicai.activity.invest.TuPianActivity
ADDED from src\main\AndroidManifest.xml:243:9-245:52
	android:screenOrientation
		ADDED from src\main\AndroidManifest.xml:245:13-49
	android:name
		ADDED from src\main\AndroidManifest.xml:244:13-74
activity#com.fanfanlicai.activity.UDSystemActivity
ADDED from src\main\AndroidManifest.xml:246:9-248:52
	android:screenOrientation
		ADDED from src\main\AndroidManifest.xml:248:13-49
	android:name
		ADDED from src\main\AndroidManifest.xml:247:13-69
activity#com.fanfanlicai.activity.JieSuanActivity
ADDED from src\main\AndroidManifest.xml:249:9-252:58
	android:screenOrientation
		ADDED from src\main\AndroidManifest.xml:251:13-49
	android:theme
		ADDED from src\main\AndroidManifest.xml:252:13-55
	android:name
		ADDED from src\main\AndroidManifest.xml:250:13-68
activity#com.fanfanlicai.activity.my.JiaXiPiaoActivity
ADDED from src\main\AndroidManifest.xml:253:9-256:66
	android:screenOrientation
		ADDED from src\main\AndroidManifest.xml:255:13-49
	android:theme
		ADDED from src\main\AndroidManifest.xml:256:13-63
	android:name
		ADDED from src\main\AndroidManifest.xml:254:13-73
activity#com.fanfanlicai.activity.home.DaFanActivity
ADDED from src\main\AndroidManifest.xml:257:9-259:52
	android:screenOrientation
		ADDED from src\main\AndroidManifest.xml:259:13-49
	android:name
		ADDED from src\main\AndroidManifest.xml:258:13-71
activity#com.fanfanlicai.activity.invest.FanTongRateActivity
ADDED from src\main\AndroidManifest.xml:260:9-263:58
	android:screenOrientation
		ADDED from src\main\AndroidManifest.xml:262:13-49
	android:windowSoftInputMode
		ADDED from src\main\AndroidManifest.xml:263:13-55
	android:name
		ADDED from src\main\AndroidManifest.xml:261:13-79
activity#com.fanfanlicai.activity.invest.FanTongBuyActivity
ADDED from src\main\AndroidManifest.xml:264:9-266:52
	android:screenOrientation
		ADDED from src\main\AndroidManifest.xml:266:13-49
	android:name
		ADDED from src\main\AndroidManifest.xml:265:13-78
activity#com.fanfanlicai.activity.invest.FanTongQuestionActivity
ADDED from src\main\AndroidManifest.xml:267:9-269:52
	android:screenOrientation
		ADDED from src\main\AndroidManifest.xml:269:13-49
	android:name
		ADDED from src\main\AndroidManifest.xml:268:13-83
activity#com.fanfanlicai.activity.invest.FanTongYuYueActivity
ADDED from src\main\AndroidManifest.xml:270:9-272:52
	android:screenOrientation
		ADDED from src\main\AndroidManifest.xml:272:13-49
	android:name
		ADDED from src\main\AndroidManifest.xml:271:13-80
activity#com.fanfanlicai.activity.invest.UseFanPiaoActivity
ADDED from src\main\AndroidManifest.xml:273:9-275:52
	android:screenOrientation
		ADDED from src\main\AndroidManifest.xml:275:13-49
	android:name
		ADDED from src\main\AndroidManifest.xml:274:13-78
activity#com.fanfanlicai.activity.my.FanPiaoActivity
ADDED from src\main\AndroidManifest.xml:276:9-278:52
	android:screenOrientation
		ADDED from src\main\AndroidManifest.xml:278:13-49
	android:name
		ADDED from src\main\AndroidManifest.xml:277:13-71
activity#com.fanfanlicai.activity.my.TiXianPiaoActivity
ADDED from src\main\AndroidManifest.xml:279:9-281:52
	android:screenOrientation
		ADDED from src\main\AndroidManifest.xml:281:13-49
	android:name
		ADDED from src\main\AndroidManifest.xml:280:13-74
activity#com.fanfanlicai.activity.my.HongBaoActivity
ADDED from src\main\AndroidManifest.xml:282:9-284:52
	android:screenOrientation
		ADDED from src\main\AndroidManifest.xml:284:13-49
	android:name
		ADDED from src\main\AndroidManifest.xml:283:13-71
activity#com.fanfanlicai.activity.invest.FanWanDetailActivity
ADDED from src\main\AndroidManifest.xml:285:9-287:52
	android:screenOrientation
		ADDED from src\main\AndroidManifest.xml:287:13-49
	android:name
		ADDED from src\main\AndroidManifest.xml:286:13-80
activity#com.fanfanlicai.activity.invest.FanWanBuyNewActivity
ADDED from src\main\AndroidManifest.xml:288:9-291:52
	android:screenOrientation
		ADDED from src\main\AndroidManifest.xml:291:13-49
	android:launchMode
		ADDED from src\main\AndroidManifest.xml:290:13-44
	android:name
		ADDED from src\main\AndroidManifest.xml:289:13-80
activity#com.fanfanlicai.activity.invest.BidInfoActivity
ADDED from src\main\AndroidManifest.xml:292:9-294:52
	android:screenOrientation
		ADDED from src\main\AndroidManifest.xml:294:13-49
	android:name
		ADDED from src\main\AndroidManifest.xml:293:13-75
activity#com.fanfanlicai.activity.invest.YouXianGouActivity
ADDED from src\main\AndroidManifest.xml:295:9-298:57
	android:screenOrientation
		ADDED from src\main\AndroidManifest.xml:297:13-49
	android:windowSoftInputMode
		ADDED from src\main\AndroidManifest.xml:298:13-54
	android:name
		ADDED from src\main\AndroidManifest.xml:296:13-78
activity#com.fanfanlicai.activity.invest.UseHongBaoActivity
ADDED from src\main\AndroidManifest.xml:299:9-301:52
	android:screenOrientation
		ADDED from src\main\AndroidManifest.xml:301:13-49
	android:name
		ADDED from src\main\AndroidManifest.xml:300:13-78
activity#com.fanfanlicai.activity.my.VipNotLoginActivity
ADDED from src\main\AndroidManifest.xml:302:9-304:52
	android:screenOrientation
		ADDED from src\main\AndroidManifest.xml:304:13-49
	android:name
		ADDED from src\main\AndroidManifest.xml:303:13-75
activity#com.fanfanlicai.activity.my.VipNormalLoginActivity
ADDED from src\main\AndroidManifest.xml:305:9-307:52
	android:screenOrientation
		ADDED from src\main\AndroidManifest.xml:307:13-49
	android:name
		ADDED from src\main\AndroidManifest.xml:306:13-78
activity#com.fanfanlicai.activity.my.VipCoreLoginActivity
ADDED from src\main\AndroidManifest.xml:308:9-310:52
	android:screenOrientation
		ADDED from src\main\AndroidManifest.xml:310:13-49
	android:name
		ADDED from src\main\AndroidManifest.xml:309:13-76
activity#com.fanfanlicai.activity.my.VipHighCoreLoginActivity
ADDED from src\main\AndroidManifest.xml:311:9-313:52
	android:screenOrientation
		ADDED from src\main\AndroidManifest.xml:313:13-49
	android:name
		ADDED from src\main\AndroidManifest.xml:312:13-80
activity#com.fanfanlicai.activity.home.IntroduceActivity
ADDED from src\main\AndroidManifest.xml:314:9-317:66
	android:screenOrientation
		ADDED from src\main\AndroidManifest.xml:316:13-49
	android:theme
		ADDED from src\main\AndroidManifest.xml:317:13-63
	android:name
		ADDED from src\main\AndroidManifest.xml:315:13-75
activity#com.fanfanlicai.activity.setting.SettingActivity
ADDED from src\main\AndroidManifest.xml:318:9-320:52
	android:screenOrientation
		ADDED from src\main\AndroidManifest.xml:320:13-49
	android:name
		ADDED from src\main\AndroidManifest.xml:319:13-76
activity#com.fanfanlicai.activity.setting.PayActivity
ADDED from src\main\AndroidManifest.xml:321:9-323:52
	android:screenOrientation
		ADDED from src\main\AndroidManifest.xml:323:13-49
	android:name
		ADDED from src\main\AndroidManifest.xml:322:13-72
activity#com.fanfanlicai.activity.setting.PayActivity2
ADDED from src\main\AndroidManifest.xml:324:9-326:52
	android:screenOrientation
		ADDED from src\main\AndroidManifest.xml:326:13-49
	android:name
		ADDED from src\main\AndroidManifest.xml:325:13-73
activity#com.fanfanlicai.activity.setting.PayActivity3
ADDED from src\main\AndroidManifest.xml:327:9-329:52
	android:screenOrientation
		ADDED from src\main\AndroidManifest.xml:329:13-49
	android:name
		ADDED from src\main\AndroidManifest.xml:328:13-73
activity#com.fanfanlicai.activity.setting.AddressActivity
ADDED from src\main\AndroidManifest.xml:330:9-332:52
	android:screenOrientation
		ADDED from src\main\AndroidManifest.xml:332:13-49
	android:name
		ADDED from src\main\AndroidManifest.xml:331:13-76
activity#com.fanfanlicai.activity.setting.LoginFixActivity
ADDED from src\main\AndroidManifest.xml:333:9-335:52
	android:screenOrientation
		ADDED from src\main\AndroidManifest.xml:335:13-49
	android:name
		ADDED from src\main\AndroidManifest.xml:334:13-77
activity#com.fanfanlicai.activity.setting.CashFixActivity
ADDED from src\main\AndroidManifest.xml:336:9-338:52
	android:screenOrientation
		ADDED from src\main\AndroidManifest.xml:338:13-49
	android:name